[2026-07-22 18:36:48.832111] (未配 webhook) 中阿文旅学科服务报告 (2026)
**中阿文旅学科服务报告 (2026)**
数据：89年切片 × 43,537条向量
审核：✅ 均可追溯
----------------------------------------
[2026-07-22 18:38:59.353107] (未配 webhook) 中阿文旅学科服务报告 (2026)
**中阿文旅学科服务报告 (2026)**
数据：89年切片 × 43,537条向量
审核：✅ 均可追溯
----------------------------------------
[2026-07-23 00:20:12.344012] (未配 webhook) 中阿文旅研究热点学科服务报告 (2026)
用户: teacher
查询: 中阿文旅研究热点
审核: ✅ 全部可追溯
----------------------------------------
[2026-07-23 00:21:02.123155] (未配 webhook) 中阿文旅热点学科服务报告 (2026)
用户: teacher
查询: 中阿文旅热点
审核: ✅ 全部可追溯
----------------------------------------
[2026-07-23T00:21:02.135749] (未配 webhook) [推送#1] 📅 SKWM 每日简报 · 07-23
----------------------------------------
